Using pre-set license
Built from '2020.3/release' branch; Version is '2020.3.12f1 (b3b2c6512326) revision 11776710'; Using compiler version '192528614'; Build Type 'Release'
OS: 'Windows 10 Home; OS build 19045.2251; Version 2009; 64bit' Language: 'fr' Physical Memory: 16329 MB
BatchMode: 1, IsHumanControllingUs: 0, StartBugReporterOnCrash: 0, Is64bit: 1, IsPro: 0

 COMMAND LINE ARGUMENTS:
D:\02-Creations\Unity\2020.3.12f1\Editor\Unity.exe
-adb2
-batchMode
-noUpm
-name
AssetImportWorker0
-projectPath
D:/10-GameDev-Projets/Projets Unity/Grief_V2/Grief
-logFile
Logs/AssetImportWorker0.log
-srvPort
52285
Successfully changed project path to: D:/10-GameDev-Projets/Projets Unity/Grief_V2/Grief
D:/10-GameDev-Projets/Projets Unity/Grief_V2/Grief
Using Asset Import Pipeline V2.
Refreshing native plugins compatible for Editor in 92.27 ms, found 3 plugins.
Preloading 0 native plugins for Editor in 0.01 ms.
Initialize engine version: 2020.3.12f1 (b3b2c6512326)
[Subsystems] Discovering subsystems at path D:/02-Creations/Unity/2020.3.12f1/Editor/Data/Resources/UnitySubsystems
[Subsystems] Discovering subsystems at path D:/10-GameDev-Projets/Projets Unity/Grief_V2/Grief/Assets
GfxDevice: creating device client; threaded=0
Direct3D:
    Version:  Direct3D 11.0 [level 11.1]
    Renderer: NVIDIA GeForce GTX 1060 3GB (ID=0x1c02)
    Vendor:   
    VRAM:     2988 MB
    Driver:   31.0.15.1694
Initialize mono
Mono path[0] = 'D:/02-Creations/Unity/2020.3.12f1/Editor/Data/Managed'
Mono path[1] = 'D:/02-Creations/Unity/2020.3.12f1/Editor/Data/MonoBleedingEdge/lib/mono/unityjit'
Mono config path = 'D:/02-Creations/Unity/2020.3.12f1/Editor/Data/MonoBleedingEdge/etc'
Using monoOptions --debugger-agent=transport=dt_socket,embedding=1,server=y,suspend=n,address=127.0.0.1:56872
Begin MonoManager ReloadAssembly
Registering precompiled unity dll's ...
Register platform support module: D:/02-Creations/Unity/2020.3.12f1/Editor/Data/PlaybackEngines/WindowsStandaloneSupport/UnityEditor.WindowsStandalone.Extensions.dll
Registered in 0.002336 seconds.
Native extension for WindowsStandalone target not found
Refreshing native plugins compatible for Editor in 283.38 ms, found 3 plugins.
Preloading 0 native plugins for Editor in 0.01 ms.
Mono: successfully reloaded assembly
- Completed reload, in  5.470 seconds
Platform modules already initialized, skipping
Registering precompiled user dll's ...
Registered in 0.007893 seconds.
Begin MonoManager ReloadAssembly
Native extension for WindowsStandalone target not found
Refreshing native plugins compatible for Editor in 80.16 ms, found 3 plugins.
Preloading 0 native plugins for Editor in 0.00 ms.
Mono: successfully reloaded assembly
- Completed reload, in  3.486 seconds
Platform modules already initialized, skipping
========================================================================
Worker process is ready to serve import requests
Launched and connected shader compiler UnityShaderCompiler.exe after 0.52 seconds
Refreshing native plugins compatible for Editor in 0.98 ms, found 3 plugins.
Preloading 0 native plugins for Editor in 0.01 ms.
Unloading 2994 Unused Serialized files (Serialized files now loaded: 0)
System memory in use before: 137.6 MB.
System memory in use after: 137.7 MB.

Unloading 32 unused Assets to reduce memory usage. Loaded Objects now: 3445.
Total: 12.095333 ms (FindLiveObjects: 0.386417 ms CreateObjectMapping: 0.238750 ms MarkObjects: 11.252083 ms  DeleteObjects: 0.173083 ms)

AssetImportParameters requested are different than current active one (requested -> active):
  custom:framework-win-MediaFoundation: 216162199b28c13a410421893ffa2e32 -> 
  custom:video-decoder-ogg-theora: a1e56fd34408186e4bbccfd4996cb3dc -> 
  custom:container-muxer-webm: aa71ff27fc2769a1b78a27578f13a17b -> 
  custom:container-demuxer-webm: 4f35f7cbe854078d1ac9338744f61a02 -> 
  custom:container-demuxer-ogg: 62fdf1f143b41e24485cea50d1cbac27 -> 
  custom:video-encoder-webm-vp8: eb34c28f22e8b96e1ab97ce403110664 -> 
  custom:video-decoder-webm-vp8: 9c59270c3fd7afecdb556c50c9e8de78 -> 
  custom:audio-decoder-ogg-vorbis: bf7c407c2cedff20999df2af8eb42d56 -> 
  custom:audio-encoder-webm-vorbis: bf7c407c2cedff20999df2af8eb42d56 -> 
========================================================================
Received Import Request.
  path: Assets/Scripts/EventSystem/EventManager.cs
  artifactKey: Guid(ef499951d3c9102428dce8d4e51fe44d) Importer(815301076,1909f56bfc062723c751e8b465ee728b)
Start importing Assets/Scripts/EventSystem/EventManager.cs using Guid(ef499951d3c9102428dce8d4e51fe44d) Importer(815301076,1909f56bfc062723c751e8b465ee728b)  -> (artifact id: '6179f0d929aa2f624e8d6bdaa0bf0d49') in 0.097147 seconds 
  Import took 0.169138 seconds .

========================================================================
Received Import Request.
  Time since last request: 24.627044 seconds.
  path: Assets/Scripts/EventSystem/EventStep.cs
  artifactKey: Guid(b9fe14a5eec97f84c854a4b67a4d73c3) Importer(815301076,1909f56bfc062723c751e8b465ee728b)
Start importing Assets/Scripts/EventSystem/EventStep.cs using Guid(b9fe14a5eec97f84c854a4b67a4d73c3) Importer(815301076,1909f56bfc062723c751e8b465ee728b)  -> (artifact id: '3ee93591ef19d7720508a2f953058144') in 0.004103 seconds 
  Import took 0.035555 seconds .

========================================================================
Received Import Request.
  Time since last request: 20.562997 seconds.
  path: Assets/Scripts/Editor/EventEditor.cs
  artifactKey: Guid(e836e178dba1eff448ad077f7cf01fe1) Importer(815301076,1909f56bfc062723c751e8b465ee728b)
Start importing Assets/Scripts/Editor/EventEditor.cs using Guid(e836e178dba1eff448ad077f7cf01fe1) Importer(815301076,1909f56bfc062723c751e8b465ee728b)  -> (artifact id: '6ac0c44e63f8bf7d15dc48df65455d8c') in 0.002065 seconds 
  Import took 0.034935 seconds .

========================================================================
Received Import Request.
  Time since last request: 87.285943 seconds.
  path: Assets/Sounds/Dialogue
  artifactKey: Guid(e9f95a67410963241a8043da9d115c10) Importer(815301076,1909f56bfc062723c751e8b465ee728b)
Start importing Assets/Sounds/Dialogue using Guid(e9f95a67410963241a8043da9d115c10) Importer(815301076,1909f56bfc062723c751e8b465ee728b)  -> (artifact id: 'bc5db6cc7980daa3a617fe2f466d2670') in 0.005585 seconds 
  Import took 0.043101 seconds .

========================================================================
Received Import Request.
  Time since last request: 184.450284 seconds.
  path: Assets/Prefabs/TriggerLoadingZone.prefab
  artifactKey: Guid(27552235e03626648bcf4b448bdbb844) Importer(815301076,1909f56bfc062723c751e8b465ee728b)
Start importing Assets/Prefabs/TriggerLoadingZone.prefab using Guid(27552235e03626648bcf4b448bdbb844) Importer(815301076,1909f56bfc062723c751e8b465ee728b) Asset 'DoorIcon': Transition 'AnyState -> PromptIdle' in state 'AnyState' doesn't have an Exit Time or any condition, transition will be ignored
UnityEngine.StackTraceUtility:ExtractStackTrace ()
UnityEditor.EditorUtility:Internal_InstantiateRemoveAllNonAnimationComponentsSingle (UnityEngine.Object,UnityEngine.Vector3,UnityEngine.Quaternion)
UnityEditor.EditorUtility:InstantiateRemoveAllNonAnimationComponents (UnityEngine.Object,UnityEngine.Vector3,UnityEngine.Quaternion)
UnityEditor.EditorUtility:InstantiateForAnimatorPreview (UnityEngine.Object)
UnityEditor.GameObjectInspector/PreviewData:UpdateGameObject (UnityEngine.Object)
UnityEditor.GameObjectInspector/PreviewData:.ctor (UnityEngine.Object)
UnityEditor.GameObjectInspector:GetPreviewData ()
UnityEditor.GameObjectInspector:RenderStaticPreview (string,UnityEngine.Object[],int,int)
UnityEditor.AssetPreviewUpdater:CreatePreviewForAsset (UnityEngine.Object,UnityEngine.Object[],string)

[C:\buildslave\unity\build\Editor/Src/Animation/StateMachine.cpp line 1847]

 -> (artifact id: '8e1a541922689946106bbf45c8179f7d') in 0.627201 seconds 
  Import took 0.676672 seconds .

========================================================================
Received Import Request.
  Time since last request: 11.200037 seconds.
  path: Assets/Prefabs/TimeTriggerPrefab.prefab
  artifactKey: Guid(804d873a218e78c4e9afbe8f13ac0205) Importer(815301076,1909f56bfc062723c751e8b465ee728b)
Start importing Assets/Prefabs/TimeTriggerPrefab.prefab using Guid(804d873a218e78c4e9afbe8f13ac0205) Importer(815301076,1909f56bfc062723c751e8b465ee728b)  -> (artifact id: '171a18eb931fb9370ca00d27ae285aa9') in 0.005762 seconds 
  Import took 0.036932 seconds .

========================================================================
Received Import Request.
  Time since last request: 1.443367 seconds.
  path: Assets/Prefabs/StartText.prefab
  artifactKey: Guid(39d9e30c496c4d5479e37b7195ee8f82) Importer(815301076,1909f56bfc062723c751e8b465ee728b)
Start importing Assets/Prefabs/StartText.prefab using Guid(39d9e30c496c4d5479e37b7195ee8f82) Importer(815301076,1909f56bfc062723c751e8b465ee728b)  -> (artifact id: 'b0d906c71469a93bcc1b371f45711452') in 0.040264 seconds 
  Import took 0.069495 seconds .

========================================================================
Received Import Request.
  Time since last request: 0.060817 seconds.
  path: Assets/Prefabs/StartText.prefab
  artifactKey: Guid(39d9e30c496c4d5479e37b7195ee8f82) Importer(815301076,1909f56bfc062723c751e8b465ee728b)
Start importing Assets/Prefabs/StartText.prefab using Guid(39d9e30c496c4d5479e37b7195ee8f82) Importer(815301076,1909f56bfc062723c751e8b465ee728b)  -> (artifact id: 'b0d906c71469a93bcc1b371f45711452') in 0.007432 seconds 
  Import took 0.057867 seconds .

========================================================================
Received Import Request.
  Time since last request: 2.549312 seconds.
  path: Assets/Prefabs/GameManager.prefab
  artifactKey: Guid(a89c2e194c4d9bc4d8cfa9bc0db9f206) Importer(815301076,1909f56bfc062723c751e8b465ee728b)
Start importing Assets/Prefabs/GameManager.prefab using Guid(a89c2e194c4d9bc4d8cfa9bc0db9f206) Importer(815301076,1909f56bfc062723c751e8b465ee728b)  -> (artifact id: 'caf4fc61ec189cdcf24d492fa689b272') in 0.040995 seconds 
  Import took 0.075616 seconds .

========================================================================
Received Import Request.
  Time since last request: 0.002360 seconds.
  path: Assets/Prefabs/GameManager.prefab
  artifactKey: Guid(a89c2e194c4d9bc4d8cfa9bc0db9f206) Importer(815301076,1909f56bfc062723c751e8b465ee728b)
Start importing Assets/Prefabs/GameManager.prefab using Guid(a89c2e194c4d9bc4d8cfa9bc0db9f206) Importer(815301076,1909f56bfc062723c751e8b465ee728b)  -> (artifact id: 'caf4fc61ec189cdcf24d492fa689b272') in 0.006852 seconds 
  Import took 0.013482 seconds .

========================================================================
Received Import Request.
  Time since last request: 7.000478 seconds.
  path: Assets/Prefabs/Character.prefab
  artifactKey: Guid(cad9366ed31c1a345a2c2dcef036f0bb) Importer(815301076,1909f56bfc062723c751e8b465ee728b)
Start importing Assets/Prefabs/Character.prefab using Guid(cad9366ed31c1a345a2c2dcef036f0bb) Importer(815301076,1909f56bfc062723c751e8b465ee728b)  -> (artifact id: '80017c574cbb9e9def06d7d5d900e423') in 0.019805 seconds 
  Import took 0.032926 seconds .

========================================================================
Received Import Request.
  Time since last request: 0.637272 seconds.
  path: Assets/Prefabs/Camera target.prefab
  artifactKey: Guid(89ccc9d3b16787944b5d72f0218aca93) Importer(815301076,1909f56bfc062723c751e8b465ee728b)
Start importing Assets/Prefabs/Camera target.prefab using Guid(89ccc9d3b16787944b5d72f0218aca93) Importer(815301076,1909f56bfc062723c751e8b465ee728b)  -> (artifact id: '82d4030f02016b2fd2273b614ef2b5c0') in 0.005175 seconds 
  Import took 0.035821 seconds .

========================================================================
Received Import Request.
  Time since last request: 0.609725 seconds.
  path: Assets/Prefabs/BusTrigger.prefab
  artifactKey: Guid(258304245fbb0f94f888746968d9d747) Importer(815301076,1909f56bfc062723c751e8b465ee728b)
Start importing Assets/Prefabs/BusTrigger.prefab using Guid(258304245fbb0f94f888746968d9d747) Importer(815301076,1909f56bfc062723c751e8b465ee728b)  -> (artifact id: '85b2a77f2dd822a24f2f0044718a895a') in 0.019370 seconds 
  Import took 0.064087 seconds .

========================================================================
Received Import Request.
  Time since last request: 0.763889 seconds.
  path: Assets/Prefabs/autobus.prefab
  artifactKey: Guid(544a30e25817fc940a1943ded900d35a) Importer(815301076,1909f56bfc062723c751e8b465ee728b)
Start importing Assets/Prefabs/autobus.prefab using Guid(544a30e25817fc940a1943ded900d35a) Importer(815301076,1909f56bfc062723c751e8b465ee728b)  -> (artifact id: '8afe9e46e3febf29a03101c8d7f64d8d') in 0.017443 seconds 
  Import took 0.038923 seconds .

========================================================================
Received Import Request.
  Time since last request: 2.485668 seconds.
  path: Assets/Prefabs/UI/ChoiceBox.prefab
  artifactKey: Guid(c33e1f0b2b51cfa48a122095b0b8ce74) Importer(815301076,1909f56bfc062723c751e8b465ee728b)
Start importing Assets/Prefabs/UI/ChoiceBox.prefab using Guid(c33e1f0b2b51cfa48a122095b0b8ce74) Importer(815301076,1909f56bfc062723c751e8b465ee728b)  -> (artifact id: '581b526fb81ba7b777b3cd4617fc9a01') in 0.006053 seconds 
  Import took 0.013428 seconds .

========================================================================
Received Import Request.
  Time since last request: 0.001038 seconds.
  path: Assets/Prefabs/UI/ChoiceBox.prefab
  artifactKey: Guid(c33e1f0b2b51cfa48a122095b0b8ce74) Importer(815301076,1909f56bfc062723c751e8b465ee728b)
Start importing Assets/Prefabs/UI/ChoiceBox.prefab using Guid(c33e1f0b2b51cfa48a122095b0b8ce74) Importer(815301076,1909f56bfc062723c751e8b465ee728b)  -> (artifact id: '581b526fb81ba7b777b3cd4617fc9a01') in 0.005774 seconds 
  Import took 0.026202 seconds .

========================================================================
Received Import Request.
  Time since last request: 0.906313 seconds.
  path: Assets/Prefabs/UI/DialogueBox.prefab
  artifactKey: Guid(b22c278e1e833004baf4be6dde7dda37) Importer(815301076,1909f56bfc062723c751e8b465ee728b)
Start importing Assets/Prefabs/UI/DialogueBox.prefab using Guid(b22c278e1e833004baf4be6dde7dda37) Importer(815301076,1909f56bfc062723c751e8b465ee728b)  -> (artifact id: '04367bbde3524f283b862fc060d52967') in 0.005857 seconds 
  Import took 0.028671 seconds .

========================================================================
Received Import Request.
  Time since last request: 0.575204 seconds.
  path: Assets/Prefabs/UI/IngameUI.prefab
  artifactKey: Guid(15bf3daf912a64947a23161dbafc5b59) Importer(815301076,1909f56bfc062723c751e8b465ee728b)
Start importing Assets/Prefabs/UI/IngameUI.prefab using Guid(15bf3daf912a64947a23161dbafc5b59) Importer(815301076,1909f56bfc062723c751e8b465ee728b)  -> (artifact id: '867817617acf345bee8b83de6f0e2ca5') in 0.018877 seconds 
  Import took 0.060697 seconds .

========================================================================
Received Import Request.
  Time since last request: 0.450871 seconds.
  path: Assets/Prefabs/UI/MainMenu.prefab
  artifactKey: Guid(3f3e5d71051c34e4dafc5ebf0077e0df) Importer(815301076,1909f56bfc062723c751e8b465ee728b)
Start importing Assets/Prefabs/UI/MainMenu.prefab using Guid(3f3e5d71051c34e4dafc5ebf0077e0df) Importer(815301076,1909f56bfc062723c751e8b465ee728b)  -> (artifact id: 'c297771160f93f37099230acf7a41f07') in 0.004247 seconds 
  Import took 0.037778 seconds .

========================================================================
Received Import Request.
  Time since last request: 0.471317 seconds.
  path: Assets/Prefabs/UI/PauseMenu.prefab
  artifactKey: Guid(e25166a4a1a3fb544a4fad528d20fa8a) Importer(815301076,1909f56bfc062723c751e8b465ee728b)
Start importing Assets/Prefabs/UI/PauseMenu.prefab using Guid(e25166a4a1a3fb544a4fad528d20fa8a) Importer(815301076,1909f56bfc062723c751e8b465ee728b)  -> (artifact id: 'b1bd82ef0ec604266a2a44a91b01d800') in 0.005803 seconds 
  Import took 0.028649 seconds .

========================================================================
Received Import Request.
  Time since last request: 0.575123 seconds.
  path: Assets/Prefabs/UI/TaskBox.prefab
  artifactKey: Guid(014728131d79bd341ba5810c13db7fdd) Importer(815301076,1909f56bfc062723c751e8b465ee728b)
Start importing Assets/Prefabs/UI/TaskBox.prefab using Guid(014728131d79bd341ba5810c13db7fdd) Importer(815301076,1909f56bfc062723c751e8b465ee728b)  -> (artifact id: 'e946cd9af694f6b5a434736478c27f44') in 0.003806 seconds 
  Import took 0.035320 seconds .

========================================================================
Received Import Request.
  Time since last request: 0.002266 seconds.
  path: Assets/Prefabs/UI/TaskBox.prefab
  artifactKey: Guid(014728131d79bd341ba5810c13db7fdd) Importer(815301076,1909f56bfc062723c751e8b465ee728b)
Start importing Assets/Prefabs/UI/TaskBox.prefab using Guid(014728131d79bd341ba5810c13db7fdd) Importer(815301076,1909f56bfc062723c751e8b465ee728b)  -> (artifact id: 'e946cd9af694f6b5a434736478c27f44') in 0.003909 seconds 
  Import took 0.009757 seconds .

========================================================================
Received Import Request.
  Time since last request: 0.469697 seconds.
  path: Assets/Prefabs/UI/UIFader.prefab
  artifactKey: Guid(797f331659d9313499a7872de5fc7776) Importer(815301076,1909f56bfc062723c751e8b465ee728b)
Start importing Assets/Prefabs/UI/UIFader.prefab using Guid(797f331659d9313499a7872de5fc7776) Importer(815301076,1909f56bfc062723c751e8b465ee728b)  -> (artifact id: '986a10d3fd7c0908bce9527dc7aef348') in 0.004253 seconds 
  Import took 0.027976 seconds .

========================================================================
Received Import Request.
  Time since last request: 33.001473 seconds.
  path: Assets/Scenes/Persistant.unity
  artifactKey: Guid(528e80964223c954b854447e219c7eae) Importer(815301076,1909f56bfc062723c751e8b465ee728b)
Start importing Assets/Scenes/Persistant.unity using Guid(528e80964223c954b854447e219c7eae) Importer(815301076,1909f56bfc062723c751e8b465ee728b)  -> (artifact id: '1a139253d1667ec6812b1e5941bd276f') in 0.005881 seconds 
  Import took 0.033966 seconds .

========================================================================
Received Import Request.
  Time since last request: 86.804509 seconds.
  path: Assets/Events/END_GOOD.asset
  artifactKey: Guid(c6c33ffb442cb3448bd0c7873cc2c9d4) Importer(815301076,1909f56bfc062723c751e8b465ee728b)
Start importing Assets/Events/END_GOOD.asset using Guid(c6c33ffb442cb3448bd0c7873cc2c9d4) Importer(815301076,1909f56bfc062723c751e8b465ee728b)  -> (artifact id: 'dedb37dc589f8bb76b715abe9dc44b61') in 0.020444 seconds 
  Import took 0.057601 seconds .

========================================================================
Received Import Request.
  Time since last request: 15.989701 seconds.
  path: Assets/Events/EventDemo.asset
  artifactKey: Guid(c503341f4400ec94b95ff91deb106751) Importer(815301076,1909f56bfc062723c751e8b465ee728b)
Start importing Assets/Events/EventDemo.asset using Guid(c503341f4400ec94b95ff91deb106751) Importer(815301076,1909f56bfc062723c751e8b465ee728b)  -> (artifact id: 'a8878795a5f501bd8eae757944455176') in 0.005628 seconds 
  Import took 0.030759 seconds .

========================================================================
Received Import Request.
  Time since last request: 1.566420 seconds.
  path: Assets/Events/Fixed_BusHint.asset
  artifactKey: Guid(abeb533d7649a05439c44b37b15f1a83) Importer(815301076,1909f56bfc062723c751e8b465ee728b)
Start importing Assets/Events/Fixed_BusHint.asset using Guid(abeb533d7649a05439c44b37b15f1a83) Importer(815301076,1909f56bfc062723c751e8b465ee728b)  -> (artifact id: '2c19b794c0a0e2e1bd1a4ce16d3660a2') in 0.007495 seconds 
  Import took 0.032660 seconds .

AssetImportWorkerClient::OnTransportError - code=2 error=End of file
